2025-11-11 14:34:03,749 org.owasp.dependencycheck.utils.Settings:1075
DEBUG - Setting: data.directory='/usr/share/dependency-check/data'
2025-11-11 14:34:03,752 org.owasp.dependencycheck.utils.Settings:1075
DEBUG - Setting: analyzer.jar.enabled='true'
2025-11-11 14:34:03,752 org.owasp.dependencycheck.utils.Settings:1075
DEBUG - Setting: updater.versioncheck.enabled='true'
2025-11-11 14:34:03,752 org.owasp.dependencycheck.utils.Settings:1075
DEBUG - Setting: analyzer.msbuildproject.enabled='true'
2025-11-11 14:34:03,753 org.owasp.dependencycheck.utils.Settings:1075
DEBUG - Setting: analyzer.archive.enabled='false'
2025-11-11 14:34:03,753 org.owasp.dependencycheck.utils.Settings:1075
DEBUG - Setting: analyzer.knownexploited.enabled='true'
2025-11-11 14:34:03,753 org.owasp.dependencycheck.utils.Settings:1075
DEBUG - Setting: analyzer.python.distribution.enabled='true'
2025-11-11 14:34:03,753 org.owasp.dependencycheck.utils.Settings:1075
DEBUG - Setting: analyzer.python.package.enabled='true'
2025-11-11 14:34:03,753 org.owasp.dependencycheck.utils.Settings:1075
DEBUG - Setting: analyzer.autoconf.enabled='true'
2025-11-11 14:34:03,753 org.owasp.dependencycheck.utils.Settings:1075
DEBUG - Setting: analyzer.maveninstall.enabled='true'
2025-11-11 14:34:03,753 org.owasp.dependencycheck.utils.Settings:1075
DEBUG - Setting: analyzer.pip.enabled='true'
2025-11-11 14:34:03,754 org.owasp.dependencycheck.utils.Settings:1075
DEBUG - Setting: analyzer.pipfile.enabled='true'
2025-11-11 14:34:03,754 org.owasp.dependencycheck.utils.Settings:1075
DEBUG - Setting: analyzer.poetry.enabled='true'
2025-11-11 14:34:03,754 org.owasp.dependencycheck.utils.Settings:1075
DEBUG - Setting: analyzer.cmake.enabled='true'
2025-11-11 14:34:03,754 org.owasp.dependencycheck.utils.Settings:1075
DEBUG - Setting: analyzer.nuspec.enabled='true'
2025-11-11 14:34:03,754 org.owasp.dependencycheck.utils.Settings:1075
DEBUG - Setting: analyzer.nugetconf.enabled='true'
2025-11-11 14:34:03,754 org.owasp.dependencycheck.utils.Settings:1075
DEBUG - Setting: analyzer.assembly.enabled='true'
2025-11-11 14:34:03,754 org.owasp.dependencycheck.utils.Settings:1075
DEBUG - Setting: analyzer.bundle.audit.enabled='true'
2025-11-11 14:34:03,754 org.owasp.dependencycheck.utils.Settings:1075
DEBUG - Setting: analyzer.filename.enabled='true'
2025-11-11 14:34:03,754 org.owasp.dependencycheck.utils.Settings:1075
DEBUG - Setting: analyzer.mix.audit.enabled='true'
2025-11-11 14:34:03,754 org.owasp.dependencycheck.utils.Settings:1075
DEBUG - Setting: analyzer.openssl.enabled='true'
2025-11-11 14:34:03,755 org.owasp.dependencycheck.utils.Settings:1075
DEBUG - Setting: analyzer.composer.lock.enabled='true'
2025-11-11 14:34:03,755 org.owasp.dependencycheck.utils.Settings:1075
DEBUG - Setting: analyzer.cpanfile.enabled='true'
2025-11-11 14:34:03,755 org.owasp.dependencycheck.utils.Settings:1075
DEBUG - Setting: analyzer.golang.dep.enabled='true'
2025-11-11 14:34:03,755 org.owasp.dependencycheck.utils.Settings:1075
DEBUG - Setting: analyzer.golang.mod.enabled='true'
2025-11-11 14:34:03,755 org.owasp.dependencycheck.utils.Settings:1075
DEBUG - Setting: analyzer.dart.enabled='true'
2025-11-11 14:34:03,755 org.owasp.dependencycheck.utils.Settings:1075
DEBUG - Setting: analyzer.node.package.enabled='true'
2025-11-11 14:34:03,755 org.owasp.dependencycheck.utils.Settings:1075
DEBUG - Setting: analyzer.node.audit.enabled='true'
2025-11-11 14:34:03,755 org.owasp.dependencycheck.utils.Settings:1075
DEBUG - Setting: analyzer.yarn.audit.enabled='true'
2025-11-11 14:34:03,755 org.owasp.dependencycheck.utils.Settings:1075
DEBUG - Setting: analyzer.pnpm.audit.enabled='true'
2025-11-11 14:34:03,755 org.owasp.dependencycheck.utils.Settings:1075
DEBUG - Setting: analyzer.node.audit.use.cache='true'
2025-11-11 14:34:03,756 org.owasp.dependencycheck.utils.Settings:1075
DEBUG - Setting: analyzer.retirejs.enabled='true'
2025-11-11 14:34:03,756 org.owasp.dependencycheck.utils.Settings:1075
DEBUG - Setting: analyzer.swift.package.manager.enabled='true'
2025-11-11 14:34:03,756 org.owasp.dependencycheck.utils.Settings:1075
DEBUG - Setting: analyzer.swift.package.resolved.enabled='true'
2025-11-11 14:34:03,756 org.owasp.dependencycheck.utils.Settings:1075
DEBUG - Setting: analyzer.cocoapods.enabled='true'
2025-11-11 14:34:03,756 org.owasp.dependencycheck.utils.Settings:1075
DEBUG - Setting: analyzer.carthage.enabled='true'
2025-11-11 14:34:03,756 org.owasp.dependencycheck.utils.Settings:1075
DEBUG - Setting: analyzer.ruby.gemspec.enabled='true'
2025-11-11 14:34:03,756 org.owasp.dependencycheck.utils.Settings:1075
DEBUG - Setting: analyzer.central.enabled='true'
2025-11-11 14:34:03,756 org.owasp.dependencycheck.utils.Settings:1075
DEBUG - Setting: analyzer.central.use.cache='true'
2025-11-11 14:34:03,756 org.owasp.dependencycheck.utils.Settings:1075
DEBUG - Setting: analyzer.ossindex.enabled='true'
2025-11-11 14:34:03,756 org.owasp.dependencycheck.utils.Settings:1075
DEBUG - Setting: analyzer.ossindex.use.cache='true'
2025-11-11 14:34:03,757 org.owasp.dependencycheck.utils.Settings:1075
DEBUG - Setting: junit.fail.on.cvss='0.0'
2025-11-11 14:34:03,757 org.owasp.dependencycheck.utils.Settings:1075
DEBUG - Setting: analyzer.nexus.proxy='true'
2025-11-11 14:34:03,757 org.owasp.dependencycheck.utils.Settings:1075
DEBUG - Setting: hosted.suppressions.enabled='true'
2025-11-11 14:34:03,844 org.owasp.dependencycheck.App:378
DEBUG - Scanning /src/requirements.txt
2025-11-11 14:34:03,847 org.owasp.dependencycheck.App:397
DEBUG - BaseDir: /src
2025-11-11 14:34:03,847 org.owasp.dependencycheck.App:398
DEBUG - Include: requirements.txt
2025-11-11 14:34:03,855 org.owasp.dependencycheck.App:416
DEBUG - Found file /src/requirements.txt
2025-11-11 14:34:03,855 org.owasp.dependencycheck.App:378
DEBUG - Scanning /src/requirements-test.txt
2025-11-11 14:34:03,855 org.owasp.dependencycheck.App:397
DEBUG - BaseDir: /src
2025-11-11 14:34:03,855 org.owasp.dependencycheck.App:398
DEBUG - Include: requirements-test.txt
2025-11-11 14:34:03,856 org.owasp.dependencycheck.App:416
DEBUG - Found file /src/requirements-test.txt
2025-11-11 14:34:03,890 org.owasp.dependencycheck.analyzer.AnalyzerService:113
DEBUG - Loaded Analyzer Archive Analyzer
2025-11-11 14:34:03,897 org.owasp.dependencycheck.analyzer.AnalyzerService:113
DEBUG - Loaded Analyzer File Name Analyzer
2025-11-11 14:34:03,952 org.owasp.dependencycheck.analyzer.AnalyzerService:113
DEBUG - Loaded Analyzer Jar Analyzer
2025-11-11 14:34:03,953 org.owasp.dependencycheck.analyzer.AnalyzerService:113
DEBUG - Loaded Analyzer Hint Analyzer
2025-11-11 14:34:03,954 org.owasp.dependencycheck.analyzer.AnalyzerService:113
DEBUG - Loaded Analyzer CPE Analyzer
2025-11-11 14:34:03,954 org.owasp.dependencycheck.analyzer.AnalyzerService:113
DEBUG - Loaded Analyzer False Positive Analyzer
2025-11-11 14:34:03,955 org.owasp.dependencycheck.analyzer.AnalyzerService:113
DEBUG - Loaded Analyzer Dependency Bundling Analyzer
2025-11-11 14:34:03,955 org.owasp.dependencycheck.analyzer.AnalyzerService:113
DEBUG - Loaded Analyzer Dependency Merging Analyzer
2025-11-11 14:34:03,956 org.owasp.dependencycheck.analyzer.AnalyzerService:113
DEBUG - Loaded Analyzer NVD CVE Analyzer
2025-11-11 14:34:03,956 org.owasp.dependencycheck.analyzer.AnalyzerService:113
DEBUG - Loaded Analyzer Vulnerability Suppression Analyzer
2025-11-11 14:34:03,957 org.owasp.dependencycheck.analyzer.AnalyzerService:113
DEBUG - Loaded Analyzer Central Analyzer
2025-11-11 14:34:03,957 org.owasp.dependencycheck.analyzer.AnalyzerService:113
DEBUG - Loaded Analyzer Nexus Analyzer
2025-11-11 14:34:03,957 org.owasp.dependencycheck.analyzer.AnalyzerService:113
DEBUG - Loaded Analyzer Artifactory Analyzer
2025-11-11 14:34:03,958 org.owasp.dependencycheck.analyzer.AnalyzerService:113
DEBUG - Loaded Analyzer Nuspec Analyzer
2025-11-11 14:34:03,958 org.owasp.dependencycheck.analyzer.AnalyzerService:113
DEBUG - Loaded Analyzer Nugetconf Analyzer
2025-11-11 14:34:03,959 org.owasp.dependencycheck.analyzer.AnalyzerService:113
DEBUG - Loaded Analyzer MSBuild Project Analyzer
2025-11-11 14:34:03,959 org.owasp.dependencycheck.analyzer.AnalyzerService:113
DEBUG - Loaded Analyzer Assembly Analyzer
2025-11-11 14:34:03,962 org.owasp.dependencycheck.analyzer.AnalyzerService:113
DEBUG - Loaded Analyzer OpenSSL Source Analyzer
2025-11-11 14:34:03,963 org.owasp.dependencycheck.analyzer.AnalyzerService:113
DEBUG - Loaded Analyzer Node.js Package Analyzer
2025-11-11 14:34:03,964 org.owasp.dependencycheck.analyzer.AnalyzerService:113
DEBUG - Loaded Analyzer Node Audit Analyzer
2025-11-11 14:34:03,965 org.owasp.dependencycheck.analyzer.AnalyzerService:113
DEBUG - Loaded Analyzer Yarn Audit Analyzer
2025-11-11 14:34:03,965 org.owasp.dependencycheck.analyzer.AnalyzerService:113
DEBUG - Loaded Analyzer Pnpm Audit Analyzer
2025-11-11 14:34:03,967 org.owasp.dependencycheck.analyzer.AnalyzerService:113
DEBUG - Loaded Analyzer RetireJS Analyzer
2025-11-11 14:34:03,968 org.owasp.dependencycheck.analyzer.AnalyzerService:113
DEBUG - Loaded Analyzer Ruby Bundle Audit Analyzer
2025-11-11 14:34:03,970 org.owasp.dependencycheck.analyzer.AnalyzerService:113
DEBUG - Loaded Analyzer Version Filter Analyzer
2025-11-11 14:34:03,971 org.owasp.dependencycheck.analyzer.AnalyzerService:113
DEBUG - Loaded Analyzer Sonatype OSS Index Analyzer
2025-11-11 14:34:03,993 org.owasp.dependencycheck.analyzer.AnalyzerService:113
DEBUG - Loaded Analyzer Known Exploited Vulnerability Analyzer
2025-11-11 14:34:03,994 org.owasp.dependencycheck.analyzer.AnalyzerService:113
DEBUG - Loaded Analyzer Unused Suppression Rule Analyzer
2025-11-11 14:34:03,994 org.owasp.dependencycheck.analyzer.AnalyzerService:113
DEBUG - Loaded Analyzer Libman Analyzer
2025-11-11 14:34:03,995 org.owasp.dependencycheck.utils.Settings:1276
DEBUG - Settings.getDataFile() - file: '/usr/share/dependency-check/data'
2025-11-11 14:34:04,051 org.owasp.dependencycheck.utils.Settings:1276
DEBUG - Settings.getDataFile() - file: '/usr/share/dependency-check/data'
2025-11-11 14:34:04,052 org.owasp.dependencycheck.utils.Settings:1558
DEBUG - Data directory: /usr/share/dependency-check/data
2025-11-11 14:34:04,052 org.owasp.dependencycheck.utils.Settings:1574
DEBUG - Connection String: 'jdbc:h2:file:/usr/share/dependency-check/data/odc;AUTOCOMMIT=ON;CACHE_SIZE=65536;RETENTION_TIME=1000;MAX_COMPACT_TIME=10000;'
2025-11-11 14:34:04,052 org.owasp.dependencycheck.utils.Settings:1276
DEBUG - Settings.getDataFile() - file: '/usr/share/dependency-check/data'
2025-11-11 14:34:04,076 org.owasp.dependencycheck.utils.WriteLock:168
DEBUG - Lock file created (main) b7e163420bc4edf647e1c02f755b1f15 @ 2025-11-11 14:34:04.076
2025-11-11 14:34:04,080 org.owasp.dependencycheck.data.nvdcve.DatabaseManager:143
DEBUG - Loading driver 'org.h2.Driver'
2025-11-11 14:34:04,082 org.owasp.dependencycheck.utils.Settings:1276
DEBUG - Settings.getDataFile() - file: '/usr/share/dependency-check/data'
2025-11-11 14:34:04,082 org.owasp.dependencycheck.utils.Settings:1558
DEBUG - Data directory: /usr/share/dependency-check/data
2025-11-11 14:34:04,082 org.owasp.dependencycheck.utils.Settings:1574
DEBUG - Connection String: 'jdbc:h2:file:/usr/share/dependency-check/data/odc;AUTOCOMMIT=ON;CACHE_SIZE=65536;RETENTION_TIME=1000;MAX_COMPACT_TIME=10000;'
2025-11-11 14:34:04,082 org.owasp.dependencycheck.utils.Settings:1276
DEBUG - Settings.getDataFile() - file: '/usr/share/dependency-check/data'
2025-11-11 14:34:04,082 org.owasp.dependencycheck.data.nvdcve.DatabaseManager:172
DEBUG - Need to create DB Structure: true
2025-11-11 14:34:04,082 org.owasp.dependencycheck.data.nvdcve.DatabaseManager:178
DEBUG - Loading database connection
2025-11-11 14:34:04,082 org.owasp.dependencycheck.data.nvdcve.DatabaseManager:179
DEBUG - Connection String: jdbc:h2:file:/usr/share/dependency-check/data/odc;AUTOCOMMIT=ON;CACHE_SIZE=65536;RETENTION_TIME=1000;MAX_COMPACT_TIME=10000;
2025-11-11 14:34:04,082 org.owasp.dependencycheck.data.nvdcve.DatabaseManager:180
DEBUG - Database User: dcuser
2025-11-11 14:34:04,165 org.owasp.dependencycheck.data.nvdcve.DatabaseManager:245
DEBUG - Database product: h2
2025-11-11 14:34:04,166 org.owasp.dependencycheck.data.nvdcve.DatabaseManager:372
DEBUG - Creating database structure
2025-11-11 14:34:04,197 org.owasp.dependencycheck.data.nvdcve.DatabaseManager:506
DEBUG - DC Schema: 5.5
2025-11-11 14:34:04,201 org.owasp.dependencycheck.data.nvdcve.DatabaseManager:507
DEBUG - DB Schema: 5.5
2025-11-11 14:34:04,232 org.owasp.dependencycheck.Engine:893
INFO  - Checking for updates
2025-11-11 14:34:04,241 org.owasp.dependencycheck.data.update.NvdApiDataSource:321
WARN  - An NVD API Key was not provided - it is highly recommended to use an NVD API key as the update can take a VERY long time without an API Key
2025-11-11 14:34:04,243 io.github.jeremylong.openvulnerability.client.nvd.RateLimitedClient:166
DEBUG - rate limited call delay: 10000
2025-11-11 14:34:04,282 io.github.jeremylong.openvulnerability.client.nvd.NvdCveClient:324
DEBUG - requesting URI: https://services.nvd.nist.gov/rest/json/cves/2.0?resultsPerPage=2000&startIndex=0
2025-11-11 14:34:04,284 io.github.jeremylong.openvulnerability.client.nvd.RateMeter:83
DEBUG - Ticket taken At: 14:34:04; count: 1; by 62
2025-11-11 14:34:04,284 io.github.jeremylong.openvulnerability.client.nvd.RateLimitedClient:297
DEBUG - Requested At: 14:34:04; URI: /rest/json/cves/2.0?resultsPerPage=2000&startIndex=0
2025-11-11 14:34:05,480 io.github.jeremylong.openvulnerability.client.nvd.RateMeter:95
DEBUG - Ticket returned At: 14:34:05; count: 2; by 62
2025-11-11 14:34:05,790 io.github.jeremylong.openvulnerability.client.nvd.NvdCveClient:401
DEBUG - Content-Type Received: application/json
2025-11-11 14:34:05,988 io.github.jeremylong.openvulnerability.client.nvd.NvdCveClient:324
DEBUG - requesting URI: https://services.nvd.nist.gov/rest/json/cves/2.0?resultsPerPage=2000&startIndex=2000
2025-11-11 14:34:05,988 io.github.jeremylong.openvulnerability.client.nvd.NvdCveClient:324
DEBUG - requesting URI: https://services.nvd.nist.gov/rest/json/cves/2.0?resultsPerPage=2000&startIndex=4000
2025-11-11 14:34:05,988 io.github.jeremylong.openvulnerability.client.nvd.NvdCveClient:324
DEBUG - requesting URI: https://services.nvd.nist.gov/rest/json/cves/2.0?resultsPerPage=2000&startIndex=6000
2025-11-11 14:34:05,989 io.github.jeremylong.openvulnerability.client.nvd.NvdCveClient:324
DEBUG - requesting URI: https://services.nvd.nist.gov/rest/json/cves/2.0?resultsPerPage=2000&startIndex=8000
2025-11-11 14:34:05,989 io.github.jeremylong.openvulnerability.client.nvd.NvdCveClient:324
DEBUG - requesting URI: https://services.nvd.nist.gov/rest/json/cves/2.0?resultsPerPage=2000&startIndex=10000
2025-11-11 14:34:05,989 io.github.jeremylong.openvulnerability.client.nvd.NvdCveClient:324
DEBUG - requesting URI: https://services.nvd.nist.gov/rest/json/cves/2.0?resultsPerPage=2000&startIndex=12000
2025-11-11 14:34:05,989 io.github.jeremylong.openvulnerability.client.nvd.NvdCveClient:324
DEBUG - requesting URI: https://services.nvd.nist.gov/rest/json/cves/2.0?resultsPerPage=2000&startIndex=14000
2025-11-11 14:34:05,989 io.github.jeremylong.openvulnerability.client.nvd.NvdCveClient:324
DEBUG - requesting URI: https://services.nvd.nist.gov/rest/json/cves/2.0?resultsPerPage=2000&startIndex=16000
2025-11-11 14:34:05,989 io.github.jeremylong.openvulnerability.client.nvd.NvdCveClient:324
DEBUG - requesting URI: https://services.nvd.nist.gov/rest/json/cves/2.0?resultsPerPage=2000&startIndex=18000
2025-11-11 14:34:05,988 io.github.jeremylong.openvulnerability.client.nvd.RateLimitedClient:287
DEBUG - Rate Limited API call - waiting for 8340ms
2025-11-11 14:34:05,989 io.github.jeremylong.openvulnerability.client.nvd.NvdCveClient:324
DEBUG - requesting URI: https://services.nvd.nist.gov/rest/json/cves/2.0?resultsPerPage=2000&startIndex=20000
2025-11-11 14:34:05,989 io.github.jeremylong.openvulnerability.client.nvd.NvdCveClient:324
DEBUG - requesting URI: https://services.nvd.nist.gov/rest/json/cves/2.0?resultsPerPage=2000&startIndex=22000
2025-11-11 14:34:05,990 io.github.jeremylong.openvulnerability.client.nvd.NvdCveClient:324
DEBUG - requesting URI: https://services.nvd.nist.gov/rest/json/cves/2.0?resultsPerPage=2000&startIndex=24000
2025-11-11 14:34:05,990 io.github.jeremylong.openvulnerability.client.nvd.NvdCveClient:324
DEBUG - requesting URI: https://services.nvd.nist.gov/rest/json/cves/2.0?resultsPerPage=2000&startIndex=26000
2025-11-11 14:34:05,990 io.github.jeremylong.openvulnerability.client.nvd.NvdCveClient:324
DEBUG - requesting URI: https://services.nvd.nist.gov/rest/json/cves/2.0?resultsPerPage=2000&startIndex=28000
2025-11-11 14:34:05,990 io.github.jeremylong.openvulnerability.client.nvd.NvdCveClient:324
DEBUG - requesting URI: https://services.nvd.nist.gov/rest/json/cves/2.0?resultsPerPage=2000&startIndex=30000
2025-11-11 14:34:05,990 io.github.jeremylong.openvulnerability.client.nvd.NvdCveClient:324
DEBUG - requesting URI: https://services.nvd.nist.gov/rest/json/cves/2.0?resultsPerPage=2000&startIndex=32000
2025-11-11 14:34:05,990 io.github.jeremylong.openvulnerability.client.nvd.NvdCveClient:324
DEBUG - requesting URI: https://services.nvd.nist.gov/rest/json/cves/2.0?resultsPerPage=2000&startIndex=34000
2025-11-11 14:34:05,990 io.github.jeremylong.openvulnerability.client.nvd.NvdCveClient:324
DEBUG - requesting URI: https://services.nvd.nist.gov/rest/json/cves/2.0?resultsPerPage=2000&startIndex=36000
2025-11-11 14:34:05,990 io.github.jeremylong.openvulnerability.client.nvd.NvdCveClient:324
DEBUG - requesting URI: https://services.nvd.nist.gov/rest/json/cves/2.0?resultsPerPage=2000&startIndex=38000
2025-11-11 14:34:05,991 io.github.jeremylong.openvulnerability.client.nvd.NvdCveClient:324
DEBUG - requesting URI: https://services.nvd.nist.gov/rest/json/cves/2.0?resultsPerPage=2000&startIndex=40000
2025-11-11 14:34:05,991 io.github.jeremylong.openvulnerability.client.nvd.NvdCveClient:324
DEBUG - requesting URI: https://services.nvd.nist.gov/rest/json/cves/2.0?resultsPerPage=2000&startIndex=42000
2025-11-11 14:34:05,991 io.github.jeremylong.openvulnerability.client.nvd.NvdCveClient:324
DEBUG - requesting URI: https://services.nvd.nist.gov/rest/json/cves/2.0?resultsPerPage=2000&startIndex=44000
2025-11-11 14:34:05,991 io.github.jeremylong.openvulnerability.client.nvd.NvdCveClient:324
DEBUG - requesting URI: https://services.nvd.nist.gov/rest/json/cves/2.0?resultsPerPage=2000&startIndex=46000
2025-11-11 14:34:05,991 io.github.jeremylong.openvulnerability.client.nvd.NvdCveClient:324
DEBUG - requesting URI: https://services.nvd.nist.gov/rest/json/cves/2.0?resultsPerPage=2000&startIndex=48000
2025-11-11 14:34:05,991 io.github.jeremylong.openvulnerability.client.nvd.NvdCveClient:324
DEBUG - requesting URI: https://services.nvd.nist.gov/rest/json/cves/2.0?resultsPerPage=2000&startIndex=50000
2025-11-11 14:34:05,991 io.github.jeremylong.openvulnerability.client.nvd.NvdCveClient:324
DEBUG - requesting URI: https://services.nvd.nist.gov/rest/json/cves/2.0?resultsPerPage=2000&startIndex=52000
2025-11-11 14:34:05,991 io.github.jeremylong.openvulnerability.client.nvd.NvdCveClient:324
DEBUG - requesting URI: https://services.nvd.nist.gov/rest/json/cves/2.0?resultsPerPage=2000&startIndex=54000
2025-11-11 14:34:05,991 io.github.jeremylong.openvulnerability.client.nvd.NvdCveClient:324
DEBUG - requesting URI: https://services.nvd.nist.gov/rest/json/cves/2.0?resultsPerPage=2000&startIndex=56000
2025-11-11 14:34:05,992 io.github.jeremylong.openvulnerability.client.nvd.NvdCveClient:324
DEBUG - requesting URI: https://services.nvd.nist.gov/rest/json/cves/2.0?resultsPerPage=2000&startIndex=58000
2025-11-11 14:34:05,992 io.github.jeremylong.openvulnerability.client.nvd.NvdCveClient:324
DEBUG - requesting URI: https://services.nvd.nist.gov/rest/json/cves/2.0?resultsPerPage=2000&startIndex=60000
2025-11-11 14:34:05,992 io.github.jeremylong.openvulnerability.client.nvd.NvdCveClient:324
DEBUG - requesting URI: https://services.nvd.nist.gov/rest/json/cves/2.0?resultsPerPage=2000&startIndex=62000
2025-11-11 14:34:05,992 io.github.jeremylong.openvulnerability.client.nvd.NvdCveClient:324
DEBUG - requesting URI: https://services.nvd.nist.gov/rest/json/cves/2.0?resultsPerPage=2000&startIndex=64000
2025-11-11 14:34:05,992 io.github.jeremylong.openvulnerability.client.nvd.NvdCveClient:324
DEBUG - requesting URI: https://services.nvd.nist.gov/rest/json/cves/2.0?resultsPerPage=2000&startIndex=66000
2025-11-11 14:34:05,992 io.github.jeremylong.openvulnerability.client.nvd.NvdCveClient:324
DEBUG - requesting URI: https://services.nvd.nist.gov/rest/json/cves/2.0?resultsPerPage=2000&startIndex=68000
2025-11-11 14:34:05,992 io.github.jeremylong.openvulnerability.client.nvd.NvdCveClient:324
DEBUG - requesting URI: https://services.nvd.nist.gov/rest/json/cves/2.0?resultsPerPage=2000&startIndex=70000
2025-11-11 14:34:05,992 io.github.jeremylong.openvulnerability.client.nvd.NvdCveClient:324
DEBUG - requesting URI: https://services.nvd.nist.gov/rest/json/cves/2.0?resultsPerPage=2000&startIndex=72000
2025-11-11 14:34:05,993 io.github.jeremylong.openvulnerability.client.nvd.NvdCveClient:324
DEBUG - requesting URI: https://services.nvd.nist.gov/rest/json/cves/2.0?resultsPerPage=2000&startIndex=74000
2025-11-11 14:34:05,993 io.github.jeremylong.openvulnerability.client.nvd.NvdCveClient:324
DEBUG - requesting URI: https://services.nvd.nist.gov/rest/json/cves/2.0?resultsPerPage=2000&startIndex=76000
2025-11-11 14:34:05,993 io.github.jeremylong.openvulnerability.client.nvd.NvdCveClient:324
DEBUG - requesting URI: https://services.nvd.nist.gov/rest/json/cves/2.0?resultsPerPage=2000&startIndex=78000
2025-11-11 14:34:05,993 io.github.jeremylong.openvulnerability.client.nvd.NvdCveClient:324
DEBUG - requesting URI: https://services.nvd.nist.gov/rest/json/cves/2.0?resultsPerPage=2000&startIndex=80000
2025-11-11 14:34:05,993 io.github.jeremylong.openvulnerability.client.nvd.NvdCveClient:324
DEBUG - requesting URI: https://services.nvd.nist.gov/rest/json/cves/2.0?resultsPerPage=2000&startIndex=82000
2025-11-11 14:34:05,993 io.github.jeremylong.openvulnerability.client.nvd.NvdCveClient:324
DEBUG - requesting URI: https://services.nvd.nist.gov/rest/json/cves/2.0?resultsPerPage=2000&startIndex=84000
2025-11-11 14:34:05,993 io.github.jeremylong.openvulnerability.client.nvd.NvdCveClient:324
DEBUG - requesting URI: https://services.nvd.nist.gov/rest/json/cves/2.0?resultsPerPage=2000&startIndex=86000
2025-11-11 14:34:05,993 io.github.jeremylong.openvulnerability.client.nvd.NvdCveClient:324
DEBUG - requesting URI: https://services.nvd.nist.gov/rest/json/cves/2.0?resultsPerPage=2000&startIndex=88000
2025-11-11 14:34:05,993 io.github.jeremylong.openvulnerability.client.nvd.NvdCveClient:324
DEBUG - requesting URI: https://services.nvd.nist.gov/rest/json/cves/2.0?resultsPerPage=2000&startIndex=90000
2025-11-11 14:34:05,994 io.github.jeremylong.openvulnerability.client.nvd.NvdCveClient:324
DEBUG - requesting URI: https://services.nvd.nist.gov/rest/json/cves/2.0?resultsPerPage=2000&startIndex=92000
2025-11-11 14:34:05,994 io.github.jeremylong.openvulnerability.client.nvd.NvdCveClient:324
DEBUG - requesting URI: https://services.nvd.nist.gov/rest/json/cves/2.0?resultsPerPage=2000&startIndex=94000
2025-11-11 14:34:05,994 io.github.jeremylong.openvulnerability.client.nvd.NvdCveClient:324
DEBUG - requesting URI: https://services.nvd.nist.gov/rest/json/cves/2.0?resultsPerPage=2000&startIndex=96000
2025-11-11 14:34:05,994 io.github.jeremylong.openvulnerability.client.nvd.NvdCveClient:324
DEBUG - requesting URI: https://services.nvd.nist.gov/rest/json/cves/2.0?resultsPerPage=2000&startIndex=98000
2025-11-11 14:34:05,994 io.github.jeremylong.openvulnerability.client.nvd.NvdCveClient:324
DEBUG - requesting URI: https://services.nvd.nist.gov/rest/json/cves/2.0?resultsPerPage=2000&startIndex=100000
2025-11-11 14:34:05,994 io.github.jeremylong.openvulnerability.client.nvd.NvdCveClient:324
DEBUG - requesting URI: https://services.nvd.nist.gov/rest/json/cves/2.0?resultsPerPage=2000&startIndex=102000
2025-11-11 14:34:05,994 io.github.jeremylong.openvulnerability.client.nvd.NvdCveClient:324
DEBUG - requesting URI: https://services.nvd.nist.gov/rest/json/cves/2.0?resultsPerPage=2000&startIndex=104000
2025-11-11 14:34:05,994 io.github.jeremylong.openvulnerability.client.nvd.NvdCveClient:324
DEBUG - requesting URI: https://services.nvd.nist.gov/rest/json/cves/2.0?resultsPerPage=2000&startIndex=106000
2025-11-11 14:34:05,994 io.github.jeremylong.openvulnerability.client.nvd.NvdCveClient:324
DEBUG - requesting URI: https://services.nvd.nist.gov/rest/json/cves/2.0?resultsPerPage=2000&startIndex=108000
2025-11-11 14:34:05,994 io.github.jeremylong.openvulnerability.client.nvd.NvdCveClient:324
DEBUG - requesting URI: https://services.nvd.nist.gov/rest/json/cves/2.0?resultsPerPage=2000&startIndex=110000
2025-11-11 14:34:05,995 io.github.jeremylong.openvulnerability.client.nvd.NvdCveClient:324
DEBUG - requesting URI: https://services.nvd.nist.gov/rest/json/cves/2.0?resultsPerPage=2000&startIndex=112000
2025-11-11 14:34:05,995 io.github.jeremylong.openvulnerability.client.nvd.NvdCveClient:324
DEBUG - requesting URI: https://services.nvd.nist.gov/rest/json/cves/2.0?resultsPerPage=2000&startIndex=114000
2025-11-11 14:34:05,995 io.github.jeremylong.openvulnerability.client.nvd.NvdCveClient:324
DEBUG - requesting URI: https://services.nvd.nist.gov/rest/json/cves/2.0?resultsPerPage=2000&startIndex=116000
2025-11-11 14:34:05,995 io.github.jeremylong.openvulnerability.client.nvd.NvdCveClient:324
DEBUG - requesting URI: https://services.nvd.nist.gov/rest/json/cves/2.0?resultsPerPage=2000&startIndex=118000
2025-11-11 14:34:05,995 io.github.jeremylong.openvulnerability.client.nvd.NvdCveClient:324
DEBUG - requesting URI: https://services.nvd.nist.gov/rest/json/cves/2.0?resultsPerPage=2000&startIndex=120000
2025-11-11 14:34:05,995 io.github.jeremylong.openvulnerability.client.nvd.NvdCveClient:324
DEBUG - requesting URI: https://services.nvd.nist.gov/rest/json/cves/2.0?resultsPerPage=2000&startIndex=122000
2025-11-11 14:34:05,995 io.github.jeremylong.openvulnerability.client.nvd.NvdCveClient:324
DEBUG - requesting URI: https://services.nvd.nist.gov/rest/json/cves/2.0?resultsPerPage=2000&startIndex=124000
2025-11-11 14:34:05,995 io.github.jeremylong.openvulnerability.client.nvd.NvdCveClient:324
DEBUG - requesting URI: https://services.nvd.nist.gov/rest/json/cves/2.0?resultsPerPage=2000&startIndex=126000
2025-11-11 14:34:05,995 io.github.jeremylong.openvulnerability.client.nvd.NvdCveClient:324
DEBUG - requesting URI: https://services.nvd.nist.gov/rest/json/cves/2.0?resultsPerPage=2000&startIndex=128000
2025-11-11 14:34:05,995 io.github.jeremylong.openvulnerability.client.nvd.NvdCveClient:324
DEBUG - requesting URI: https://services.nvd.nist.gov/rest/json/cves/2.0?resultsPerPage=2000&startIndex=130000
2025-11-11 14:34:05,996 io.github.jeremylong.openvulnerability.client.nvd.NvdCveClient:324
DEBUG - requesting URI: https://services.nvd.nist.gov/rest/json/cves/2.0?resultsPerPage=2000&startIndex=132000
2025-11-11 14:34:05,996 io.github.jeremylong.openvulnerability.client.nvd.NvdCveClient:324
DEBUG - requesting URI: https://services.nvd.nist.gov/rest/json/cves/2.0?resultsPerPage=2000&startIndex=134000
2025-11-11 14:34:05,996 io.github.jeremylong.openvulnerability.client.nvd.NvdCveClient:324
DEBUG - requesting URI: https://services.nvd.nist.gov/rest/json/cves/2.0?resultsPerPage=2000&startIndex=136000
2025-11-11 14:34:05,996 io.github.jeremylong.openvulnerability.client.nvd.NvdCveClient:324
DEBUG - requesting URI: https://services.nvd.nist.gov/rest/json/cves/2.0?resultsPerPage=2000&startIndex=138000
2025-11-11 14:34:05,996 io.github.jeremylong.openvulnerability.client.nvd.NvdCveClient:324
DEBUG - requesting URI: https://services.nvd.nist.gov/rest/json/cves/2.0?resultsPerPage=2000&startIndex=140000
2025-11-11 14:34:05,996 io.github.jeremylong.openvulnerability.client.nvd.NvdCveClient:324
DEBUG - requesting URI: https://services.nvd.nist.gov/rest/json/cves/2.0?resultsPerPage=2000&startIndex=142000
2025-11-11 14:34:05,996 io.github.jeremylong.openvulnerability.client.nvd.NvdCveClient:324
DEBUG - requesting URI: https://services.nvd.nist.gov/rest/json/cves/2.0?resultsPerPage=2000&startIndex=144000
2025-11-11 14:34:05,996 io.github.jeremylong.openvulnerability.client.nvd.NvdCveClient:324
DEBUG - requesting URI: https://services.nvd.nist.gov/rest/json/cves/2.0?resultsPerPage=2000&startIndex=146000
2025-11-11 14:34:05,996 io.github.jeremylong.openvulnerability.client.nvd.NvdCveClient:324
DEBUG - requesting URI: https://services.nvd.nist.gov/rest/json/cves/2.0?resultsPerPage=2000&startIndex=148000
2025-11-11 14:34:05,996 io.github.jeremylong.openvulnerability.client.nvd.NvdCveClient:324
DEBUG - requesting URI: https://services.nvd.nist.gov/rest/json/cves/2.0?resultsPerPage=2000&startIndex=150000
2025-11-11 14:34:05,996 io.github.jeremylong.openvulnerability.client.nvd.NvdCveClient:324
DEBUG - requesting URI: https://services.nvd.nist.gov/rest/json/cves/2.0?resultsPerPage=2000&startIndex=152000
2025-11-11 14:34:05,997 io.github.jeremylong.openvulnerability.client.nvd.NvdCveClient:324
DEBUG - requesting URI: https://services.nvd.nist.gov/rest/json/cves/2.0?resultsPerPage=2000&startIndex=154000
2025-11-11 14:34:05,997 io.github.jeremylong.openvulnerability.client.nvd.NvdCveClient:324
DEBUG - requesting URI: https://services.nvd.nist.gov/rest/json/cves/2.0?resultsPerPage=2000&startIndex=156000
2025-11-11 14:34:05,997 io.github.jeremylong.openvulnerability.client.nvd.NvdCveClient:324
DEBUG - requesting URI: https://services.nvd.nist.gov/rest/json/cves/2.0?resultsPerPage=2000&startIndex=158000
2025-11-11 14:34:05,997 io.github.jeremylong.openvulnerability.client.nvd.NvdCveClient:324
DEBUG - requesting URI: https://services.nvd.nist.gov/rest/json/cves/2.0?resultsPerPage=2000&startIndex=160000
2025-11-11 14:34:05,997 io.github.jeremylong.openvulnerability.client.nvd.NvdCveClient:324
DEBUG - requesting URI: https://services.nvd.nist.gov/rest/json/cves/2.0?resultsPerPage=2000&startIndex=162000
2025-11-11 14:34:05,997 io.github.jeremylong.openvulnerability.client.nvd.NvdCveClient:324
DEBUG - requesting URI: https://services.nvd.nist.gov/rest/json/cves/2.0?resultsPerPage=2000&startIndex=164000
2025-11-11 14:34:05,997 io.github.jeremylong.openvulnerability.client.nvd.NvdCveClient:324
DEBUG - requesting URI: https://services.nvd.nist.gov/rest/json/cves/2.0?resultsPerPage=2000&startIndex=166000
2025-11-11 14:34:05,997 io.github.jeremylong.openvulnerability.client.nvd.NvdCveClient:324
DEBUG - requesting URI: https://services.nvd.nist.gov/rest/json/cves/2.0?resultsPerPage=2000&startIndex=168000
2025-11-11 14:34:05,997 io.github.jeremylong.openvulnerability.client.nvd.NvdCveClient:324
DEBUG - requesting URI: https://services.nvd.nist.gov/rest/json/cves/2.0?resultsPerPage=2000&startIndex=170000
2025-11-11 14:34:05,997 io.github.jeremylong.openvulnerability.client.nvd.NvdCveClient:324
DEBUG - requesting URI: https://services.nvd.nist.gov/rest/json/cves/2.0?resultsPerPage=2000&startIndex=172000
2025-11-11 14:34:05,997 io.github.jeremylong.openvulnerability.client.nvd.NvdCveClient:324
DEBUG - requesting URI: https://services.nvd.nist.gov/rest/json/cves/2.0?resultsPerPage=2000&startIndex=174000
2025-11-11 14:34:05,997 io.github.jeremylong.openvulnerability.client.nvd.NvdCveClient:324
DEBUG - requesting URI: https://services.nvd.nist.gov/rest/json/cves/2.0?resultsPerPage=2000&startIndex=176000
2025-11-11 14:34:05,997 io.github.jeremylong.openvulnerability.client.nvd.NvdCveClient:324
DEBUG - requesting URI: https://services.nvd.nist.gov/rest/json/cves/2.0?resultsPerPage=2000&startIndex=178000
2025-11-11 14:34:05,998 io.github.jeremylong.openvulnerability.client.nvd.NvdCveClient:324
DEBUG - requesting URI: https://services.nvd.nist.gov/rest/json/cves/2.0?resultsPerPage=2000&startIndex=180000
2025-11-11 14:34:05,998 io.github.jeremylong.openvulnerability.client.nvd.NvdCveClient:324
DEBUG - requesting URI: https://services.nvd.nist.gov/rest/json/cves/2.0?resultsPerPage=2000&startIndex=182000
2025-11-11 14:34:05,998 io.github.jeremylong.openvulnerability.client.nvd.NvdCveClient:324
DEBUG - requesting URI: https://services.nvd.nist.gov/rest/json/cves/2.0?resultsPerPage=2000&startIndex=184000
2025-11-11 14:34:05,998 io.github.jeremylong.openvulnerability.client.nvd.NvdCveClient:324
DEBUG - requesting URI: https://services.nvd.nist.gov/rest/json/cves/2.0?resultsPerPage=2000&startIndex=186000
2025-11-11 14:34:05,998 io.github.jeremylong.openvulnerability.client.nvd.NvdCveClient:324
DEBUG - requesting URI: https://services.nvd.nist.gov/rest/json/cves/2.0?resultsPerPage=2000&startIndex=188000
2025-11-11 14:34:05,998 io.github.jeremylong.openvulnerability.client.nvd.NvdCveClient:324
DEBUG - requesting URI: https://services.nvd.nist.gov/rest/json/cves/2.0?resultsPerPage=2000&startIndex=190000
2025-11-11 14:34:05,998 io.github.jeremylong.openvulnerability.client.nvd.NvdCveClient:324
DEBUG - requesting URI: https://services.nvd.nist.gov/rest/json/cves/2.0?resultsPerPage=2000&startIndex=192000
2025-11-11 14:34:05,998 io.github.jeremylong.openvulnerability.client.nvd.NvdCveClient:324
DEBUG - requesting URI: https://services.nvd.nist.gov/rest/json/cves/2.0?resultsPerPage=2000&startIndex=194000
2025-11-11 14:34:05,998 io.github.jeremylong.openvulnerability.client.nvd.NvdCveClient:324
DEBUG - requesting URI: https://services.nvd.nist.gov/rest/json/cves/2.0?resultsPerPage=2000&startIndex=196000
2025-11-11 14:34:05,998 io.github.jeremylong.openvulnerability.client.nvd.NvdCveClient:324
DEBUG - requesting URI: https://services.nvd.nist.gov/rest/json/cves/2.0?resultsPerPage=2000&startIndex=198000
2025-11-11 14:34:05,998 io.github.jeremylong.openvulnerability.client.nvd.NvdCveClient:324
DEBUG - requesting URI: https://services.nvd.nist.gov/rest/json/cves/2.0?resultsPerPage=2000&startIndex=200000
2025-11-11 14:34:05,999 io.github.jeremylong.openvulnerability.client.nvd.NvdCveClient:324
DEBUG - requesting URI: https://services.nvd.nist.gov/rest/json/cves/2.0?resultsPerPage=2000&startIndex=202000
2025-11-11 14:34:05,999 io.github.jeremylong.openvulnerability.client.nvd.NvdCveClient:324
DEBUG - requesting URI: https://services.nvd.nist.gov/rest/json/cves/2.0?resultsPerPage=2000&startIndex=204000
2025-11-11 14:34:05,999 io.github.jeremylong.openvulnerability.client.nvd.NvdCveClient:324
DEBUG - requesting URI: https://services.nvd.nist.gov/rest/json/cves/2.0?resultsPerPage=2000&startIndex=206000
2025-11-11 14:34:05,999 io.github.jeremylong.openvulnerability.client.nvd.NvdCveClient:324
DEBUG - requesting URI: https://services.nvd.nist.gov/rest/json/cves/2.0?resultsPerPage=2000&startIndex=208000
2025-11-11 14:34:05,999 io.github.jeremylong.openvulnerability.client.nvd.NvdCveClient:324
DEBUG - requesting URI: https://services.nvd.nist.gov/rest/json/cves/2.0?resultsPerPage=2000&startIndex=210000
2025-11-11 14:34:05,999 io.github.jeremylong.openvulnerability.client.nvd.NvdCveClient:324
DEBUG - requesting URI: https://services.nvd.nist.gov/rest/json/cves/2.0?resultsPerPage=2000&startIndex=212000
2025-11-11 14:34:05,999 io.github.jeremylong.openvulnerability.client.nvd.NvdCveClient:324
DEBUG - requesting URI: https://services.nvd.nist.gov/rest/json/cves/2.0?resultsPerPage=2000&startIndex=214000
2025-11-11 14:34:05,999 io.github.jeremylong.openvulnerability.client.nvd.NvdCveClient:324
DEBUG - requesting URI: https://services.nvd.nist.gov/rest/json/cves/2.0?resultsPerPage=2000&startIndex=216000
2025-11-11 14:34:05,999 io.github.jeremylong.openvulnerability.client.nvd.NvdCveClient:324
DEBUG - requesting URI: https://services.nvd.nist.gov/rest/json/cves/2.0?resultsPerPage=2000&startIndex=218000
2025-11-11 14:34:05,999 io.github.jeremylong.openvulnerability.client.nvd.NvdCveClient:324
DEBUG - requesting URI: https://services.nvd.nist.gov/rest/json/cves/2.0?resultsPerPage=2000&startIndex=220000
2025-11-11 14:34:05,999 io.github.jeremylong.openvulnerability.client.nvd.NvdCveClient:324
DEBUG - requesting URI: https://services.nvd.nist.gov/rest/json/cves/2.0?resultsPerPage=2000&startIndex=222000
2025-11-11 14:34:05,999 io.github.jeremylong.openvulnerability.client.nvd.NvdCveClient:324
DEBUG - requesting URI: https://services.nvd.nist.gov/rest/json/cves/2.0?resultsPerPage=2000&startIndex=224000
2025-11-11 14:34:06,000 io.github.jeremylong.openvulnerability.client.nvd.NvdCveClient:324
DEBUG - requesting URI: https://services.nvd.nist.gov/rest/json/cves/2.0?resultsPerPage=2000&startIndex=226000
2025-11-11 14:34:06,000 io.github.jeremylong.openvulnerability.client.nvd.NvdCveClient:324
DEBUG - requesting URI: https://services.nvd.nist.gov/rest/json/cves/2.0?resultsPerPage=2000&startIndex=228000
2025-11-11 14:34:06,000 io.github.jeremylong.openvulnerability.client.nvd.NvdCveClient:324
DEBUG - requesting URI: https://services.nvd.nist.gov/rest/json/cves/2.0?resultsPerPage=2000&startIndex=230000
2025-11-11 14:34:06,000 io.github.jeremylong.openvulnerability.client.nvd.NvdCveClient:324
DEBUG - requesting URI: https://services.nvd.nist.gov/rest/json/cves/2.0?resultsPerPage=2000&startIndex=232000
2025-11-11 14:34:06,000 io.github.jeremylong.openvulnerability.client.nvd.NvdCveClient:324
DEBUG - requesting URI: https://services.nvd.nist.gov/rest/json/cves/2.0?resultsPerPage=2000&startIndex=234000
2025-11-11 14:34:06,000 io.github.jeremylong.openvulnerability.client.nvd.NvdCveClient:324
DEBUG - requesting URI: https://services.nvd.nist.gov/rest/json/cves/2.0?resultsPerPage=2000&startIndex=236000
2025-11-11 14:34:06,000 io.github.jeremylong.openvulnerability.client.nvd.NvdCveClient:324
DEBUG - requesting URI: https://services.nvd.nist.gov/rest/json/cves/2.0?resultsPerPage=2000&startIndex=238000
2025-11-11 14:34:06,000 io.github.jeremylong.openvulnerability.client.nvd.NvdCveClient:324
DEBUG - requesting URI: https://services.nvd.nist.gov/rest/json/cves/2.0?resultsPerPage=2000&startIndex=240000
2025-11-11 14:34:06,000 io.github.jeremylong.openvulnerability.client.nvd.NvdCveClient:324
DEBUG - requesting URI: https://services.nvd.nist.gov/rest/json/cves/2.0?resultsPerPage=2000&startIndex=242000
2025-11-11 14:34:06,000 io.github.jeremylong.openvulnerability.client.nvd.NvdCveClient:324
DEBUG - requesting URI: https://services.nvd.nist.gov/rest/json/cves/2.0?resultsPerPage=2000&startIndex=244000
2025-11-11 14:34:06,000 io.github.jeremylong.openvulnerability.client.nvd.NvdCveClient:324
DEBUG - requesting URI: https://services.nvd.nist.gov/rest/json/cves/2.0?resultsPerPage=2000&startIndex=246000
2025-11-11 14:34:06,000 io.github.jeremylong.openvulnerability.client.nvd.NvdCveClient:324
DEBUG - requesting URI: https://services.nvd.nist.gov/rest/json/cves/2.0?resultsPerPage=2000&startIndex=248000
2025-11-11 14:34:06,000 io.github.jeremylong.openvulnerability.client.nvd.NvdCveClient:324
DEBUG - requesting URI: https://services.nvd.nist.gov/rest/json/cves/2.0?resultsPerPage=2000&startIndex=250000
2025-11-11 14:34:06,001 io.github.jeremylong.openvulnerability.client.nvd.NvdCveClient:324
DEBUG - requesting URI: https://services.nvd.nist.gov/rest/json/cves/2.0?resultsPerPage=2000&startIndex=252000
2025-11-11 14:34:06,001 io.github.jeremylong.openvulnerability.client.nvd.NvdCveClient:324
DEBUG - requesting URI: https://services.nvd.nist.gov/rest/json/cves/2.0?resultsPerPage=2000&startIndex=254000
2025-11-11 14:34:06,001 io.github.jeremylong.openvulnerability.client.nvd.NvdCveClient:324
DEBUG - requesting URI: https://services.nvd.nist.gov/rest/json/cves/2.0?resultsPerPage=2000&startIndex=256000
2025-11-11 14:34:06,001 io.github.jeremylong.openvulnerability.client.nvd.NvdCveClient:324
DEBUG - requesting URI: https://services.nvd.nist.gov/rest/json/cves/2.0?resultsPerPage=2000&startIndex=258000
2025-11-11 14:34:06,001 io.github.jeremylong.openvulnerability.client.nvd.NvdCveClient:324
DEBUG - requesting URI: https://services.nvd.nist.gov/rest/json/cves/2.0?resultsPerPage=2000&startIndex=260000
2025-11-11 14:34:06,001 io.github.jeremylong.openvulnerability.client.nvd.NvdCveClient:324
DEBUG - requesting URI: https://services.nvd.nist.gov/rest/json/cves/2.0?resultsPerPage=2000&startIndex=262000
2025-11-11 14:34:06,001 io.github.jeremylong.openvulnerability.client.nvd.NvdCveClient:324
DEBUG - requesting URI: https://services.nvd.nist.gov/rest/json/cves/2.0?resultsPerPage=2000&startIndex=264000
2025-11-11 14:34:06,001 io.github.jeremylong.openvulnerability.client.nvd.NvdCveClient:324
DEBUG - requesting URI: https://services.nvd.nist.gov/rest/json/cves/2.0?resultsPerPage=2000&startIndex=266000
2025-11-11 14:34:06,001 io.github.jeremylong.openvulnerability.client.nvd.NvdCveClient:324
DEBUG - requesting URI: https://services.nvd.nist.gov/rest/json/cves/2.0?resultsPerPage=2000&startIndex=268000
2025-11-11 14:34:06,001 io.github.jeremylong.openvulnerability.client.nvd.NvdCveClient:324
DEBUG - requesting URI: https://services.nvd.nist.gov/rest/json/cves/2.0?resultsPerPage=2000&startIndex=270000
2025-11-11 14:34:06,001 io.github.jeremylong.openvulnerability.client.nvd.NvdCveClient:324
DEBUG - requesting URI: https://services.nvd.nist.gov/rest/json/cves/2.0?resultsPerPage=2000&startIndex=272000
2025-11-11 14:34:06,001 io.github.jeremylong.openvulnerability.client.nvd.NvdCveClient:324
DEBUG - requesting URI: https://services.nvd.nist.gov/rest/json/cves/2.0?resultsPerPage=2000&startIndex=274000
2025-11-11 14:34:06,001 io.github.jeremylong.openvulnerability.client.nvd.NvdCveClient:324
DEBUG - requesting URI: https://services.nvd.nist.gov/rest/json/cves/2.0?resultsPerPage=2000&startIndex=276000
2025-11-11 14:34:06,002 io.github.jeremylong.openvulnerability.client.nvd.NvdCveClient:324
DEBUG - requesting URI: https://services.nvd.nist.gov/rest/json/cves/2.0?resultsPerPage=2000&startIndex=278000
2025-11-11 14:34:06,002 io.github.jeremylong.openvulnerability.client.nvd.NvdCveClient:324
DEBUG - requesting URI: https://services.nvd.nist.gov/rest/json/cves/2.0?resultsPerPage=2000&startIndex=280000
2025-11-11 14:34:06,002 io.github.jeremylong.openvulnerability.client.nvd.NvdCveClient:324
DEBUG - requesting URI: https://services.nvd.nist.gov/rest/json/cves/2.0?resultsPerPage=2000&startIndex=282000
2025-11-11 14:34:06,002 io.github.jeremylong.openvulnerability.client.nvd.NvdCveClient:324
DEBUG - requesting URI: https://services.nvd.nist.gov/rest/json/cves/2.0?resultsPerPage=2000&startIndex=284000
2025-11-11 14:34:06,002 io.github.jeremylong.openvulnerability.client.nvd.NvdCveClient:324
DEBUG - requesting URI: https://services.nvd.nist.gov/rest/json/cves/2.0?resultsPerPage=2000&startIndex=286000
2025-11-11 14:34:06,002 io.github.jeremylong.openvulnerability.client.nvd.NvdCveClient:324
DEBUG - requesting URI: https://services.nvd.nist.gov/rest/json/cves/2.0?resultsPerPage=2000&startIndex=288000
2025-11-11 14:34:06,002 io.github.jeremylong.openvulnerability.client.nvd.NvdCveClient:324
DEBUG - requesting URI: https://services.nvd.nist.gov/rest/json/cves/2.0?resultsPerPage=2000&startIndex=290000
2025-11-11 14:34:06,002 io.github.jeremylong.openvulnerability.client.nvd.NvdCveClient:324
DEBUG - requesting URI: https://services.nvd.nist.gov/rest/json/cves/2.0?resultsPerPage=2000&startIndex=292000
2025-11-11 14:34:06,002 io.github.jeremylong.openvulnerability.client.nvd.NvdCveClient:324
DEBUG - requesting URI: https://services.nvd.nist.gov/rest/json/cves/2.0?resultsPerPage=2000&startIndex=294000
2025-11-11 14:34:06,002 io.github.jeremylong.openvulnerability.client.nvd.NvdCveClient:324
DEBUG - requesting URI: https://services.nvd.nist.gov/rest/json/cves/2.0?resultsPerPage=2000&startIndex=296000
2025-11-11 14:34:06,002 io.github.jeremylong.openvulnerability.client.nvd.NvdCveClient:324
DEBUG - requesting URI: https://services.nvd.nist.gov/rest/json/cves/2.0?resultsPerPage=2000&startIndex=298000
2025-11-11 14:34:06,002 io.github.jeremylong.openvulnerability.client.nvd.NvdCveClient:324
DEBUG - requesting URI: https://services.nvd.nist.gov/rest/json/cves/2.0?resultsPerPage=2000&startIndex=300000
2025-11-11 14:34:06,002 io.github.jeremylong.openvulnerability.client.nvd.NvdCveClient:324
DEBUG - requesting URI: https://services.nvd.nist.gov/rest/json/cves/2.0?resultsPerPage=2000&startIndex=302000
2025-11-11 14:34:06,002 io.github.jeremylong.openvulnerability.client.nvd.NvdCveClient:324
DEBUG - requesting URI: https://services.nvd.nist.gov/rest/json/cves/2.0?resultsPerPage=2000&startIndex=304000
2025-11-11 14:34:06,002 io.github.jeremylong.openvulnerability.client.nvd.NvdCveClient:324
DEBUG - requesting URI: https://services.nvd.nist.gov/rest/json/cves/2.0?resultsPerPage=2000&startIndex=306000
2025-11-11 14:34:06,003 io.github.jeremylong.openvulnerability.client.nvd.NvdCveClient:324
DEBUG - requesting URI: https://services.nvd.nist.gov/rest/json/cves/2.0?resultsPerPage=2000&startIndex=308000
2025-11-11 14:34:06,003 io.github.jeremylong.openvulnerability.client.nvd.NvdCveClient:324
DEBUG - requesting URI: https://services.nvd.nist.gov/rest/json/cves/2.0?resultsPerPage=2000&startIndex=310000
2025-11-11 14:34:06,003 io.github.jeremylong.openvulnerability.client.nvd.NvdCveClient:324
DEBUG - requesting URI: https://services.nvd.nist.gov/rest/json/cves/2.0?resultsPerPage=2000&startIndex=312000
2025-11-11 14:34:06,003 io.github.jeremylong.openvulnerability.client.nvd.NvdCveClient:324
DEBUG - requesting URI: https://services.nvd.nist.gov/rest/json/cves/2.0?resultsPerPage=2000&startIndex=314000
2025-11-11 14:34:06,003 io.github.jeremylong.openvulnerability.client.nvd.NvdCveClient:324
DEBUG - requesting URI: https://services.nvd.nist.gov/rest/json/cves/2.0?resultsPerPage=2000&startIndex=316000
2025-11-11 14:34:06,003 org.owasp.dependencycheck.data.update.NvdApiDataSource:358
INFO  - NVD API has 317,656 records in this update
2025-11-11 14:34:06,004 org.owasp.dependencycheck.utils.FileUtils:125
DEBUG - Temporary directory is `/tmp/dctemp6ee7bf7c-a2fe-4af0-a92e-99242b348e72`
2025-11-11 14:34:14,336 io.github.jeremylong.openvulnerability.client.nvd.RateMeter:83
DEBUG - Ticket taken At: 14:34:14; count: 2; by 62
2025-11-11 14:34:14,337 io.github.jeremylong.openvulnerability.client.nvd.RateLimitedClient:297
DEBUG - Requested At: 14:34:14; URI: /rest/json/cves/2.0?resultsPerPage=2000&startIndex=2000
2025-11-11 14:34:14,908 io.github.jeremylong.openvulnerability.client.nvd.RateMeter:95
DEBUG - Ticket returned At: 14:34:14; count: 3; by 62
2025-11-11 14:34:14,908 io.github.jeremylong.openvulnerability.client.nvd.RateLimitedClient:287
DEBUG - Rate Limited API call - waiting for 9431ms
2025-11-11 14:34:15,150 io.github.jeremylong.openvulnerability.client.nvd.NvdCveClient:401
DEBUG - Content-Type Received: application/json
2025-11-11 14:34:24,343 io.github.jeremylong.openvulnerability.client.nvd.RateMeter:83
DEBUG - Ticket taken At: 14:34:24; count: 3; by 62
2025-11-11 14:34:24,350 io.github.jeremylong.openvulnerability.client.nvd.RateLimitedClient:297
DEBUG - Requested At: 14:34:24; URI: /rest/json/cves/2.0?resultsPerPage=2000&startIndex=4000
2025-11-11 14:34:24,980 io.github.jeremylong.openvulnerability.client.nvd.RateMeter:95
DEBUG - Ticket returned At: 14:34:24; count: 4; by 62
2025-11-11 14:34:24,980 io.github.jeremylong.openvulnerability.client.nvd.RateLimitedClient:287
DEBUG - Rate Limited API call - waiting for 9374ms
2025-11-11 14:34:25,337 io.github.jeremylong.openvulnerability.client.nvd.NvdCveClient:401
DEBUG - Content-Type Received: application/json
2025-11-11 14:34:34,358 io.github.jeremylong.openvulnerability.client.nvd.RateMeter:83
DEBUG - Ticket taken At: 14:34:34; count: 4; by 62
2025-11-11 14:34:34,360 io.github.jeremylong.openvulnerability.client.nvd.RateLimitedClient:297
DEBUG - Requested At: 14:34:34; URI: /rest/json/cves/2.0?resultsPerPage=2000&startIndex=6000
2025-11-11 14:34:36,853 io.github.jeremylong.openvulnerability.client.nvd.RateMeter:95
DEBUG - Ticket returned At: 14:34:36; count: 5; by 62
2025-11-11 14:34:36,854 io.github.jeremylong.openvulnerability.client.nvd.RateLimitedClient:287
DEBUG - Rate Limited API call - waiting for 7507ms
2025-11-11 14:34:37,086 io.github.jeremylong.openvulnerability.client.nvd.NvdCveClient:401
DEBUG - Content-Type Received: application/json
2025-11-11 14:34:44,363 io.github.jeremylong.openvulnerability.client.nvd.RateMeter:83
DEBUG - Ticket taken At: 14:34:44; count: 5; by 62
2025-11-11 14:34:44,364 io.github.jeremylong.openvulnerability.client.nvd.RateLimitedClient:297
DEBUG - Requested At: 14:34:44; URI: /rest/json/cves/2.0?resultsPerPage=2000&startIndex=8000
2025-11-11 14:34:45,031 io.github.jeremylong.openvulnerability.client.nvd.RateMeter:95
DEBUG - Ticket returned At: 14:34:45; count: 6; by 62
2025-11-11 14:34:45,031 io.github.jeremylong.openvulnerability.client.nvd.RateLimitedClient:287
DEBUG - Rate Limited API call - waiting for 9335ms
2025-11-11 14:34:45,287 io.github.jeremylong.openvulnerability.client.nvd.NvdCveClient:401
DEBUG - Content-Type Received: application/json
2025-11-11 14:34:45,447 org.owasp.dependencycheck.data.update.NvdApiDataSource:374
INFO  - Downloaded 10,000/317,656 (3%)
2025-11-11 14:34:54,369 io.github.jeremylong.openvulnerability.client.nvd.RateMeter:76
DEBUG - Ticket taken At: 14:34:54; count: 5
2025-11-11 14:34:54,370 io.github.jeremylong.openvulnerability.client.nvd.RateLimitedClient:297
DEBUG - Requested At: 14:34:54; URI: /rest/json/cves/2.0?resultsPerPage=2000&startIndex=10000
2025-11-11 14:34:55,642 io.github.jeremylong.openvulnerability.client.nvd.RateMeter:95
DEBUG - Ticket returned At: 14:34:55; count: 6; by 62
2025-11-11 14:34:55,643 io.github.jeremylong.openvulnerability.client.nvd.RateLimitedClient:287
DEBUG - Rate Limited API call - waiting for 8729ms
2025-11-11 14:34:56,006 io.github.jeremylong.openvulnerability.client.nvd.NvdCveClient:401
DEBUG - Content-Type Received: application/json
2025-11-11 14:35:04,378 io.github.jeremylong.openvulnerability.client.nvd.RateMeter:76
DEBUG - Ticket taken At: 14:35:04; count: 5
2025-11-11 14:35:04,385 io.github.jeremylong.openvulnerability.client.nvd.RateLimitedClient:297
DEBUG - Requested At: 14:35:04; URI: /rest/json/cves/2.0?resultsPerPage=2000&startIndex=12000
2025-11-11 14:35:05,901 io.github.jeremylong.openvulnerability.client.nvd.RateMeter:95
DEBUG - Ticket returned At: 14:35:05; count: 6; by 62
2025-11-11 14:35:05,901 io.github.jeremylong.openvulnerability.client.nvd.RateLimitedClient:287
DEBUG - Rate Limited API call - waiting for 8488ms
2025-11-11 14:35:06,228 io.github.jeremylong.openvulnerability.client.nvd.NvdCveClient:401
DEBUG - Content-Type Received: application/json
2025-11-11 14:35:10,317 org.owasp.dependencycheck.utils.WriteLock:240
DEBUG - Lock released (Thread-10) b7e163420bc4edf647e1c02f755b1f15 @ 2025-11-11 14:35:10.317
